C51 COMPILER V9.60.7.0   MAIN                                                              02/14/2026 17:23:31 PAGE 1   


C51 COMPILER V9.60.7.0, COMPILATION OF MODULE MAIN
OBJECT MODULE PLACED IN .\Objects\main.obj
COMPILER INVOKED BY: D:\Keil_v5\C51\BIN\C51.EXE main.c OPTIMIZE(8,SPEED) BROWSE DEBUG OBJECTEXTEND PRINT(.\Listings\main
                    -.lst) TABS(2) OBJECT(.\Objects\main.obj)

line level    source

   1          #include "reg51.h"
   2          #include <intrins.h>
   3          
   4          unsigned char s[] = {0x3F, 0x06, 0x5B, 0x4F, 0x66, 0x6D, 0x7D, 0x07, 0x7F, 0x6F};
   5          
   6          void Delay(void) {
   7   1          unsigned char data i, j, k;
   8   1          _nop_();
   9   1          _nop_();
  10   1          i = 22;
  11   1          j = 3;
  12   1          k = 227;
  13   1          do {
  14   2              do {
  15   3                  while (--k);
  16   3              } while (--j);
  17   2          } while (--i);
  18   1      }
  19          
  20          void seg(void) {
  21   1          unsigned int i;
  22   1          for (i = 0; i < 10; i++) {
  23   2              P2 = s[i];
  24   2              Delay();
  25   2          }
  26   1      }
  27          
  28          void main(void) {
  29   1          while (1) {
  30   2              seg();
  31   2          }
  32   1      }


MODULE INFORMATION:   STATIC OVERLAYABLE
   CODE SIZE        =     45    ----
   CONSTANT SIZE    =   ----    ----
   XDATA SIZE       =   ----    ----
   PDATA SIZE       =   ----    ----
   DATA SIZE        =     10    ----
   IDATA SIZE       =   ----    ----
   BIT SIZE         =   ----    ----
END OF MODULE INFORMATION.


C51 COMPILATION COMPLETE.  0 WARNING(S),  0 ERROR(S)
