C51 COMPILER V9.60.7.0   MAIN                                                              02/12/2026 17:45:22 PAGE 1   


C51 COMPILER V9.60.7.0, COMPILATION OF MODULE MAIN
OBJECT MODULE PLACED IN .\Objects\main.obj
COMPILER INVOKED BY: D:\Keil_v5\C51\BIN\C51.EXE main.c OPTIMIZE(8,SPEED) BROWSE DEBUG OBJECTEXTEND PRINT(.\Listings\main
                    -.lst) TABS(2) OBJECT(.\Objects\main.obj)

line level    source

   1          #include"reg52.h"
   2          sbit LED0 = P2^0;
   3          
   4          
   5          void delay(unsigned int n){
   6   1          unsigned int i = 0, j = 0;
   7   1          for(i = 0; i < n; i++){
   8   2              for(j = 0; j < 120; j++);
   9   2          }
  10   1      }
  11          
  12          
  13          void l_to_r(){
  14   1          unsigned char i = 0;
  15   1          for(i = 0; i < 8; i++){
  16   2              P2 = ~(0x01 << i); 
  17   2              delay(80);
  18   2          }
  19   1      }
  20          
  21          void r_to_l(){
  22   1          unsigned char i = 0;
  23   1          for(i = 0; i < 8; i++){
  24   2              P1 = (0x80 >> i);
  25   2              delay(80);
  26   2          }
  27   1      }
  28          
  29          void main(){
  30   1          while(1){
  31   2              l_to_r();
  32   2              r_to_l();
  33   2          }
  34   1      }


MODULE INFORMATION:   STATIC OVERLAYABLE
   CODE SIZE        =     95    ----
   CONSTANT SIZE    =   ----    ----
   XDATA SIZE       =   ----    ----
   PDATA SIZE       =   ----    ----
   DATA SIZE        =   ----    ----
   IDATA SIZE       =   ----    ----
   BIT SIZE         =   ----    ----
END OF MODULE INFORMATION.


C51 COMPILATION COMPLETE.  0 WARNING(S),  0 ERROR(S)
