C51 COMPILER V9.54   MAIN                                                                  03/28/2026 18:59:56 PAGE 1   


C51 COMPILER V9.54, COMPILATION OF MODULE MAIN
OBJECT MODULE PLACED IN .\Objects\main.obj
COMPILER INVOKED BY: D:\Keil_v5\MDK\C51\BIN\C51.EXE main.c OPTIMIZE(8,SPEED) BROWSE DEBUG OBJECTEXTEND PRINT(.\Listings\
                    -main.lst) TABS(2) OBJECT(.\Objects\main.obj)

line level    source

   1          #include <REGX52.H>
   2          #include <INTRINS.H>
   3          
   4          #define MAX_TASKS 2 //任务数量
   5          #define MAX_TASK_DEP 32 //32字节 每个任务堆栈深度
   6          
   7          unsigned char idata task_sp[MAX_TASKS];//保存每个任务的堆栈指针
   8          unsigned char idata task_stack[MAX_TASKS][MAX_TASK_DEP];//每个任务的私有堆栈区
   9          unsigned char task_id;//任务id
  10          
  11          typedef enum{
  12            TASK_RUNNING,//任务运行状态
  13            TASK_SUSPENDED //任务挂起状态
  14          }TaskStatus;
  15          
  16          
  17          typedef struct{
  18            unsigned char id;//任务id
  19            TaskStatus status;//任务状态
  20            unsigned int delay_count;//延迟计数器
  21            unsigned int delay_time;//延迟时间
  22          }Task;
  23          
  24          
  25          Task idata tasks[MAX_TASKS] = {
  26              {0,TASK_RUNNING,0,0},
  27              {1,TASK_RUNNING,0,0}
  28          };
  29          
  30          //void Delay1000ms(void);
  31          //改用定时器中断，降低消耗cpu
  32          void Timer0_Init(void);
  33          void Timer1_Init(void);//用来兜底保证任务有序切换进行
  34          void sleep(unsigned int,unsigned int);//任务id,delay_ms
  35          void task_switch(void);
  36          void task0(void);
  37          void task1(void);
  38          void task_load(unsigned int fn,unsigned char tid);
  39          
  40          void main()
  41          {   
  42   1          Timer0_Init();
  43   1          task_load(task0,0);//加载任务0，将其地址放入任务0的堆
  44   1          task_load(task1,1);//加载任务1，将其地址放入任务0的堆
  45   1          task_id = 0;//从任务0开始运行
  46   1          SP=task_sp[0];//将堆栈指针指向任务0的堆栈
  47   1      }
  48          
  49          /*void Delay1000ms()    
  50          {
  51            unsigned char i, j, k;
  52          
  53            _nop_();
  54            i = 8;
C51 COMPILER V9.54   MAIN                                                                  03/28/2026 18:59:56 PAGE 2   

  55            j = 154;
  56            k = 122;
  57            do
  58            {
  59              do
  60              {
  61                while (--k);
  62              } while (--j);
  63            } while (--i);
  64          }
  65          */
  66          
  67          void task_switch()
  68          {
  69   1         task_sp[task_id]=SP;//保存当前任务的SP
  70   1        
  71   1        task_id=task_id+1;//切换下一个任务
  72   1        if(task_id==MAX_TASKS)
  73   1        {
  74   2          task_id=0;//到达最大任务数后，继续从任务0开始
  75   2        }
  76   1        SP=task_sp[task_id];//栈指针指向下一任务的堆栈
  77   1      }
  78          
  79          void task0()
  80          {
  81   1        P1_0 = 0;//初始化低电平LED点亮
  82   1        while(1)
  83   1        {
  84   2          //如果该任务仍处于挂起状态，则切换任务，跳过任务后续操作
  85   2          if(tasks[0].status == TASK_SUSPENDED){
  86   3             task_switch();
  87   3            continue;
  88   3          }
  89   2          //挂起自身，让出CPU给其他任务
  90   2          sleep(0,500);//LED1是0.5s亮一次
  91   2          //Delay1000ms();
  92   2          P1_0=~P1_0;
  93   2          task_switch();//主动切换任务
  94   2        }
  95   1      }
  96          
  97          void task1()
  98          {
  99   1        P1_7=0;
 100   1        while(1)
 101   1        {
 102   2          if(tasks[1].status == TASK_SUSPENDED){
 103   3            task_switch();
 104   3            continue;
 105   3          }
 106   2          
 107   2          sleep(1,1000);
 108   2          //Delay1000ms();
 109   2          P1_7=~P1_7;
 110   2          task_switch();
 111   2        }
 112   1      }
 113          
 114          
 115          // fn:任务函数的入口地址，tid:任务ID
 116          void task_load(unsigned int fn,unsigned char tid)
C51 COMPILER V9.54   MAIN                                                                  03/28/2026 18:59:56 PAGE 3   

 117          {
 118   1        
 119   1        //task_sp[tid]=  task_stack[tid]+1;
 120   1        task_stack[tid][1] = (unsigned char)(fn >> 8); //高8位存入堆栈[1]
 121   1        task_stack[tid][0] = (unsigned char)fn; //低8位存入堆栈[0]
 122   1        
 123   1        task_sp[tid] = (unsigned char)&task_stack[tid][1];// 堆栈指针指向该任务的内存地址
 124   1        // SP指向高字节，RET时从高地址向低地址弹出任务地址
 125   1        //从 SP 指向的地址取出高字节[1]
 126   1        //SP 自动减 1，指向[0]
 127   1        //再从 SP 指向的地址取出低字节[0]
 128   1        
 129   1      }
 130          
 131          
 132          void sleep(unsigned int task_id,unsigned delay_ms){
 133   1          
 134   1        tasks[task_id].status = TASK_SUSPENDED;// 任务进入挂起状态
 135   1        tasks[task_id].delay_count = 0;//0开始起计时
 136   1        tasks[task_id].delay_time = delay_ms;//设置需要延时的时间
 137   1      
 138   1      }
 139          
 140          
 141          
 142          void Timer0_Init(void)    //1毫秒@11.0592MHz
 143          {
 144   1        TMOD &= 0xF0;     //设置定时器模式
 145   1        TMOD |= 0x01;     //设置定时器模式
 146   1        TL0 = 0x66;       //设置定时初始值
 147   1        TH0 = 0xFC;       //设置定时初始值
 148   1        TF0 = 0;        //清除TF0标志
 149   1        TR0 = 1;        //定时器0开始计时
 150   1        ET0 = 1;        //使能定时器0中断
 151   1        EA = 1;
 152   1      }
 153          
 154          
 155          void Timer0_Isr(void) interrupt 1
 156          {
 157   1        unsigned char i; 
 158   1        
 159   1        TL0 = 0x66;       //设置定时初始值
 160   1        TH0 = 0xFC;       //设置定时初始值
 161   1        
 162   1        for(i = 0;i<MAX_TASKS;i++){
 163   2          if(tasks[i].status == TASK_SUSPENDED) tasks[i].delay_count++;//任务处于挂起状态则延时计数器+1
 164   2            if(tasks[i].delay_count>= tasks[i].delay_time){//达到需要的延时时间
 165   3            tasks[i].status =TASK_RUNNING;//睡眠结束，设为运行状态
 166   3            tasks[i].delay_count = 0;//清0复位
 167   3        }
 168   2        }
 169   1      }
 170          
 171          
 172          void Timer1_Init(void)    //100微秒@11.0592MHz
 173          {
 174   1      
 175   1        TMOD &= 0x0F;     //设置定时器模式
 176   1        TMOD |= 0x10;     //设置定时器模式
 177   1        TL1 = 0xA4;       //设置定时初始值
 178   1        TH1 = 0xFF;       //设置定时初始值
C51 COMPILER V9.54   MAIN                                                                  03/28/2026 18:59:56 PAGE 4   

 179   1        TF1 = 0;        //清除TF1标志
 180   1        TR1 = 1;        //定时器1开始计时
 181   1        EA = 1;
 182   1        ET1 = 1;
 183   1      }
 184          
 185          void Timer1_Isr(void) interrupt 3//低优先级，不干扰核心调度
 186          {
 187   1        TL1 = 0xA4;       //设置定时初始值
 188   1        TH1 = 0xFF;       //设置定时初始值
 189   1        task_switch();//确保
 190   1      }
 191          


MODULE INFORMATION:   STATIC OVERLAYABLE
   CODE SIZE        =    384    ----
   CONSTANT SIZE    =   ----    ----
   XDATA SIZE       =   ----    ----
   PDATA SIZE       =   ----    ----
   DATA SIZE        =      1    ----
   IDATA SIZE       =     78    ----
   BIT SIZE         =   ----    ----
END OF MODULE INFORMATION.


C51 COMPILATION COMPLETE.  0 WARNING(S),  0 ERROR(S)
