C51 COMPILER V9.60.7.0   MAIN                                                              02/14/2026 18:44:55 PAGE 1   


C51 COMPILER V9.60.7.0, COMPILATION OF MODULE MAIN
OBJECT MODULE PLACED IN .\Objects\main.obj
COMPILER INVOKED BY: D:\Keil_v5\C51\BIN\C51.EXE main.c OPTIMIZE(8,SPEED) BROWSE DEBUG OBJECTEXTEND PRINT(.\Listings\main
                    -.lst) TABS(2) OBJECT(.\Objects\main.obj)

line level    source

   1          #include "reg51.h"
   2          #include <intrins.h>
   3          
   4          unsigned char s[] = {0x3F, 0x06, 0x5B, 0x4F, 0x66, 0x6D, 0x7D, 0x07, 0x7F, 0x6F};
   5          unsigned char str[] = {0x76, 0x79, 0x38, 0x38, 0x3F};
   6          unsigned char wei[] = {0x00,0x01, 0x02, 0x03, 0x04, 0x05,0x06,0x07};
   7          
   8          void Delay(void)  //@11.0592MHz
   9          {
  10   1        unsigned char data i, j;
  11   1      
  12   1        _nop_();
  13   1        _nop_();
  14   1        _nop_();
  15   1        i = 11;
  16   1        j = 190;
  17   1        do
  18   1        {
  19   2          while (--j);
  20   2        } while (--i);
  21   1      }
  22          
  23          
  24          
  25          void seg(void) {
  26   1          unsigned int i;
  27   1          for (i = 0; i < 5; i++) {
  28   2            P3=wei[i];
  29   2            P2 = str[i];
  30   2              Delay();
  31   2          }
  32   1      }
  33          
  34          void main(void) {
  35   1          while (1) {
  36   2              seg();
  37   2          }
  38   1      }


MODULE INFORMATION:   STATIC OVERLAYABLE
   CODE SIZE        =     49    ----
   CONSTANT SIZE    =   ----    ----
   XDATA SIZE       =   ----    ----
   PDATA SIZE       =   ----    ----
   DATA SIZE        =     23    ----
   IDATA SIZE       =   ----    ----
   BIT SIZE         =   ----    ----
END OF MODULE INFORMATION.


C51 COMPILATION COMPLETE.  0 WARNING(S),  0 ERROR(S)
