C51 COMPILER V9.54   IIC                                                                   04/04/2026 01:13:13 PAGE 1   


C51 COMPILER V9.54, COMPILATION OF MODULE IIC
OBJECT MODULE PLACED IN .\Objects\IIC.obj
COMPILER INVOKED BY: D:\Keil_v5\MDK\C51\BIN\C51.EXE IIC.c OPTIMIZE(8,SPEED) BROWSE DEBUG OBJECTEXTEND PRINT(.\Listings\I
                    -IC.lst) TABS(2) OBJECT(.\Objects\IIC.obj)

line level    source

   1          #include <REGX52.H>
   2          #include "IIC.h"
   3          
   4          // IIC 峚鏃撰晊奀 @11.0592MHz 10us
   5          void IIC_Delay(void)  {
   6   1        unsigned char data i;
   7   1      
   8   1        i = 2;
   9   1        while (--i);
  10   1      }
  11          
  12          
  13          // お宎陓瘍
  14          void IIC_Start(){
  15   1          SDA = 1;
  16   1          SCL = 1;
  17   1          IIC_Delay();
  18   1          SDA = 0;
  19   1          IIC_Delay();
  20   1          SCL = 0;
  21   1      }
  22          
  23          // 礿砦陓瘍
  24          void IIC_Stop(){
  25   1        
  26   1          SDA = 0;
  27   1          SCL = 1;
  28   1          IIC_Delay();
  29   1          SDA = 1;
  30   1          IIC_Delay();
  31   1      }
  32          
  33          // 楷冞珨跺趼誹
  34          void IIC_SendByte(unsigned char dat){
  35   1          unsigned char i;
  36   1          for(i=0; i<8; i++)
  37   1          {
  38   2              SCL = 0;
  39   2              IIC_Delay();
  40   2              SDA = (dat & 0x80) ? 1 : 0;
  41   2              dat <<= 1;
  42   2              SCL = 1;
  43   2              IIC_Delay();
  44   2          }
  45   1          SCL = 0;
  46   1      }
  47          
  48          // 黍龰珨跺趼誹
  49          unsigned char IIC_ReadByte(void){
  50   1          unsigned char i, dat = 0;
  51   1          SDA = 1;
  52   1          for(i=0; i<8; i++)
  53   1          {
  54   2              SCL = 1;
C51 COMPILER V9.54   IIC                                                                   04/04/2026 01:13:13 PAGE 2   

  55   2              IIC_Delay();
  56   2              dat <<= 1;
  57   2              if(SDA) dat |= 0x01;
  58   2              SCL = 0;
  59   2              IIC_Delay();
  60   2          }
  61   1          return dat;
  62   1      }
  63          
  64          // 脹渾茼湘
  65          bit IIC_WaitAck(void){
  66   1          bit ack;
  67   1          SDA = 1;
  68   1          SCL = 1;
  69   1          IIC_Delay();
  70   1          ack = SDA;
  71   1          SCL = 0;
  72   1          return ack;
  73   1      }
  74          
  75          // 楷冞茼湘
  76          void IIC_SendAck(bit ack){
  77   1          SCL = 0;
  78   1          SDA = ack;
  79   1          IIC_Delay();
  80   1          SCL = 1;
  81   1          IIC_Delay();
  82   1          SCL = 0;
  83   1      }


MODULE INFORMATION:   STATIC OVERLAYABLE
   CODE SIZE        =    132    ----
   CONSTANT SIZE    =   ----    ----
   XDATA SIZE       =   ----    ----
   PDATA SIZE       =   ----    ----
   DATA SIZE        =   ----    ----
   IDATA SIZE       =   ----    ----
   BIT SIZE         =   ----       2
END OF MODULE INFORMATION.


C51 COMPILATION COMPLETE.  0 WARNING(S),  0 ERROR(S)
