C51 COMPILER V9.54   MAIN                                                                  04/04/2026 01:13:13 PAGE 1   


C51 COMPILER V9.54, COMPILATION OF MODULE MAIN
OBJECT MODULE PLACED IN .\Objects\main.obj
COMPILER INVOKED BY: D:\Keil_v5\MDK\C51\BIN\C51.EXE main.c OPTIMIZE(8,SPEED) BROWSE DEBUG OBJECTEXTEND PRINT(.\Listings\
                    -main.lst) TABS(2) OBJECT(.\Objects\main.obj)

line level    source

   1          #include <REGX52.H>
   2          #include "UART.H"
   3          #include "Delay.H"
   4          #include "IIC.h"
   5          
   6          #define MAX_LEN 50   // 最大字符串长度
   7          
   8          unsigned char recv_buf[MAX_LEN];   // 接收缓冲区
   9          unsigned char recv_len = 0;   // 已接收长度
  10          bit recv_flag = 0;    // 接收完成标志
  11          
  12          void main(void){
  13   1          unsigned char i;
  14   1          unsigned char str_len; // 从 EEPROM 读出的长度
  15   1      
  16   1          UART_Init();
  17   1        
  18   1      
  19   1          // 1. 上电读出上次保存的字符串长度和内容
  20   1          IIC_Start();
  21   1          IIC_SendByte(0xA0);
  22   1          IIC_WaitAck();
  23   1          IIC_SendByte(0x00);  // 地址0存长度
  24   1          IIC_WaitAck();
  25   1          IIC_Start();
  26   1          IIC_SendByte(0xA1);
  27   1          IIC_WaitAck();
  28   1          str_len = IIC_ReadByte();
  29   1          IIC_SendAck(1);
  30   1          IIC_Stop();
  31   1      
  32   1          if(str_len > 0 && str_len < MAX_LEN)
  33   1          {
  34   2              UART_SendStr("last saved: ");
  35   2              for(i = 0; i < str_len; i++){
  36   3                          
  37   3                  // 依次读出每个字符
  38   3                  IIC_Start();
  39   3                  IIC_SendByte(0xA0);
  40   3                  IIC_WaitAck();
  41   3                  IIC_SendByte(0x01 + i);   // 地址1开始存字符
  42   3                  IIC_WaitAck();
  43   3                  IIC_Start();
  44   3                  IIC_SendByte(0xA1);
  45   3                  IIC_WaitAck();
  46   3                  UART_SendByte(IIC_ReadByte());
  47   3                  IIC_SendAck(1);
  48   3                  IIC_Stop();
  49   3              }
  50   2              UART_SendStr("\r\n");
  51   2          }
  52   1          else  UART_SendStr("last saved: No data\r\n");
  53   1          
  54   1          UART_SendStr("Please send:\r\n");
C51 COMPILER V9.54   MAIN                                                                  04/04/2026 01:13:13 PAGE 2   

  55   1      
  56   1          // 2. 主循环：等待串口接收完成
  57   1          while(1){
  58   2                  
  59   2              if(recv_flag){
  60   3                          
  61   3                  recv_flag = 0;
  62   3      
  63   3                  // 先存长度到地址0
  64   3                  IIC_Start();
  65   3                  IIC_SendByte(0xA0);
  66   3                  IIC_WaitAck();
  67   3                  IIC_SendByte(0x00);
  68   3                  IIC_WaitAck();
  69   3                  IIC_SendByte(recv_len);
  70   3                  IIC_WaitAck();
  71   3                  IIC_Stop();
  72   3                  Delay(5);
  73   3      
  74   3                  // 再存每个字符到地址1开始
  75   3                  for(i = 0; i < recv_len; i++) {
  76   4                                  
  77   4                      IIC_Start();
  78   4                      IIC_SendByte(0xA0);
  79   4                      IIC_WaitAck();
  80   4                      IIC_SendByte(0x01 + i);
  81   4                      IIC_WaitAck();
  82   4                      IIC_SendByte(recv_buf[i]);
  83   4                      IIC_WaitAck();
  84   4                      IIC_Stop();
  85   4                      Delay(5);
  86   4                  }
  87   3      
  88   3                  UART_SendStr("Saved: ");
  89   3                  for(i = 0; i < recv_len; i++) UART_SendByte(recv_buf[i]);
  90   3                  UART_SendStr("\r\n");
  91   3      
  92   3                  recv_len = 0;
  93   3                  UART_SendStr("Finsh!\r\n");
  94   3              }
  95   2          }
  96   1      }
  97          
  98          void UART_Isr(void) interrupt 4
  99          {
 100   1          unsigned char c;
 101   1          if (RI) {
 102   2              RI = 0;
 103   2              c = SBUF;
 104   2      
 105   2              SBUF = c;
 106   2              while (!TI); 
 107   2              TI = 0;
 108   2      
 109   2              if (c == '\r' || c == '\n') {
 110   3                  if (recv_len > 0) {
 111   4                      if (recv_len < MAX_LEN) recv_buf[recv_len] = '\0';
 112   4                      recv_flag = 1;
 113   4                  }
 114   3              } else {
 115   3                  if (recv_len < MAX_LEN - 1) {
 116   4                      recv_buf[recv_len++] = c;
C51 COMPILER V9.54   MAIN                                                                  04/04/2026 01:13:13 PAGE 3   

 117   4                  }
 118   3              }
 119   2          }
 120   1      }


MODULE INFORMATION:   STATIC OVERLAYABLE
   CODE SIZE        =    398    ----
   CONSTANT SIZE    =     70    ----
   XDATA SIZE       =   ----    ----
   PDATA SIZE       =   ----    ----
   DATA SIZE        =     51       2
   IDATA SIZE       =   ----    ----
   BIT SIZE         =      1    ----
END OF MODULE INFORMATION.


C51 COMPILATION COMPLETE.  0 WARNING(S),  0 ERROR(S)
