C51 COMPILER V9.60.7.0   MAIN                                                              02/12/2026 14:05:31 PAGE 1   


C51 COMPILER V9.60.7.0, COMPILATION OF MODULE MAIN
OBJECT MODULE PLACED IN .\Objects\main.obj
COMPILER INVOKED BY: D:\Keil_v5\C51\BIN\C51.EXE main.c OPTIMIZE(8,SPEED) BROWSE DEBUG OBJECTEXTEND PRINT(.\Listings\main
                    -.lst) TABS(2) OBJECT(.\Objects\main.obj)

line level    source

   1          #include"reg51.h"
   2          sbit LED0 = P2^0;
   3          
   4          
   5          void delay(unsigned int n){
   6   1      unsigned int i=0,j = 0;
   7   1      for( i = 0;i < n;i++)
   8   1        {
   9   2          for(j = 0;j < 120;j++){
  10   3            
  11   3          }
  12   2        }
  13   1      }
  14          
  15          void led(){
  16   1         int i = 0;
  17   1        for(i = 0;i<8;i++){
  18   2          P1 = (0x01<<i);
  19   2         delay(50);
  20   2        } 
  21   1      }
  22          void main(){
  23   1      while (1)
  24   1        {
  25   2             led();
  26   2           
  27   2        }
  28   1      }


MODULE INFORMATION:   STATIC OVERLAYABLE
   CODE SIZE        =     74    ----
   CONSTANT SIZE    =   ----    ----
   XDATA SIZE       =   ----    ----
   PDATA SIZE       =   ----    ----
   DATA SIZE        =   ----    ----
   IDATA SIZE       =   ----    ----
   BIT SIZE         =   ----    ----
END OF MODULE INFORMATION.


C51 COMPILATION COMPLETE.  0 WARNING(S),  0 ERROR(S)
