C51 COMPILER V9.54   MAIN                                                                  04/02/2026 20:25:40 PAGE 1   


C51 COMPILER V9.54, COMPILATION OF MODULE MAIN
OBJECT MODULE PLACED IN .\Objects\main.obj
COMPILER INVOKED BY: D:\Keil_v5\MDK\C51\BIN\C51.EXE main.c OPTIMIZE(8,SPEED) BROWSE DEBUG OBJECTEXTEND PRINT(.\Listings\
                    -main.lst) TABS(2) OBJECT(.\Objects\main.obj)

line level    source

   1          #include <REGX52.H>
   2          #include "LCD1602.h"
   3          #include "Delay.h"
   4          
   5          
   6              //здЖЈвхзжЗћЖЈвх
   7              unsigned char code eye[8] = {
   8                  0x04, 0x0E, 0x1F, 0x0E, 0x04, 0x0A, 0x04, 0x00
   9              };
  10              unsigned char code face[8] = {
  11                  0x04, 0x0A, 0x11, 0x00, 0x00, 0x00, 0x00, 0x00
  12              };
  13              unsigned char code left_lip[8] = {
  14                  0x00, 0x00, 0x00, 0x08, 0x18, 0x04, 0x02, 0x01
  15              };
  16              unsigned char code right_lip[8] = {
  17                  0x00, 0x00, 0x00, 0x02, 0x03, 0x04, 0x08, 0x10
  18              };
  19              unsigned char code lip_smile[8] = { 
  20                  0x00, 0x00, 0x00, 0x00, 0x00, 0x0A, 0x0A, 0x04
  21              };
  22              unsigned char code lip_open[8] = {   
  23                  0x00, 0x00, 0x00, 0x0E, 0x1F, 0x1F, 0x0E, 0x0E
  24              };
  25              unsigned char code nose[8] = {
  26                  0x00, 0x00, 0x00, 0x00, 0x04, 0x04, 0x04, 0x04
  27              };
  28              unsigned char code heart[8] = {
  29                  0x00, 0x0A, 0x1F, 0x1F, 0x0E, 0x04, 0x00, 0x00
  30              };
  31          
  32          
  33          void main(void)
  34          {
  35   1      
  36   1      
  37   1          LCD_Init();
  38   1      
  39   1          //аДШы CGRAM
  40   1          LCD_WriteCGRAM(0, eye);
  41   1          LCD_WriteCGRAM(1, face);
  42   1          LCD_WriteCGRAM(2, left_lip);
  43   1          LCD_WriteCGRAM(3, lip_smile);
  44   1          LCD_WriteCGRAM(4, right_lip);
  45   1          LCD_WriteCGRAM(5, nose);
  46   1          LCD_WriteCGRAM(6, heart);
  47   1          LCD_WriteCGRAM(7, lip_open);
  48   1          
  49   1          LCD_ShowString(1, 1, "MLT");             
  50   1          LCD_ShowString(2, 1, "dynamic face");  
  51   1          Delay(1500);
  52   1        
  53   1           LCD_Init(); //ЧхЦС
  54   1          while (1)
C51 COMPILER V9.54   MAIN                                                                  04/02/2026 20:25:40 PAGE 2   

  55   1          { 
  56   2            
  57   2              // ----- БэЧщ1ЃКаІСГЃЈблОІ+ЮЂаІЃЉ -----
  58   2              LCD_ShowChar(1, 7, 0x00);      // зѓбл
  59   2              LCD_ShowChar(1, 11, 0x00);     // гвбл
  60   2              LCD_ShowChar(1, 9, 0x05);      // БЧзг
  61   2              LCD_ShowChar(2, 6, 0x01);      // СГМезѓ
  62   2              LCD_ShowChar(2, 12, 0x01);     // СГМегв
  63   2              LCD_ShowChar(2, 8, 0x02);      // зѓзьНЧ
  64   2              LCD_ShowChar(2, 9, 0x03);      // ЮЂаІзьДН
  65   2              LCD_ShowChar(2, 10, 0x04);     // гвзьНЧ
  66   2              Delay(800);
  67   2            
  68   2      
  69   2      
  70   2              // ----- БэЧщ2ЃКАЎаФбл + еХзь -----
  71   2              LCD_ShowChar(1, 7, 0x06);      // зѓАЎаФбл
  72   2              LCD_ShowChar(1, 11, 0x06);     // гвАЎаФбл
  73   2              LCD_ShowChar(1, 9, 0x05);      // БЧзг
  74   2              LCD_ShowChar(2, 6, 0x01);      // СГМезѓ
  75   2              LCD_ShowChar(2, 12, 0x01);     // СГМегв
  76   2              LCD_ShowChar(2, 8, 0x02);      // зѓзьНЧ
  77   2              LCD_ShowChar(2, 9, 0x07);      // еХПЊзьДН
  78   2              LCD_ShowChar(2, 10, 0x04);     // гвзьНЧ
  79   2              Delay(800);
  80   2          }
  81   1      }


MODULE INFORMATION:   STATIC OVERLAYABLE
   CODE SIZE        =    288    ----
   CONSTANT SIZE    =     81    ----
   XDATA SIZE       =   ----    ----
   PDATA SIZE       =   ----    ----
   DATA SIZE        =   ----    ----
   IDATA SIZE       =   ----    ----
   BIT SIZE         =   ----    ----
END OF MODULE INFORMATION.


C51 COMPILATION COMPLETE.  0 WARNING(S),  0 ERROR(S)
