C51 COMPILER V9.60.7.0   MAIN                                                              02/27/2026 19:35:08 PAGE 1   


C51 COMPILER V9.60.7.0, COMPILATION OF MODULE MAIN
OBJECT MODULE PLACED IN .\Objects\main.obj
COMPILER INVOKED BY: D:\Keil_v5\C51\BIN\C51.EXE main.c OPTIMIZE(8,SPEED) BROWSE DEBUG OBJECTEXTEND PRINT(.\Listings\main
                    -.lst) TABS(2) OBJECT(.\Objects\main.obj)

line level    source

   1          #include <REGX52.H>
   2          #include "UART.h"
   3          #include "Nixie.h"
   4          #include "Delay.h"
   5           
   6          void main()
   7          {
   8   1         UART_Init();
   9   1        
  10   1        while(1)
  11   1        {
  12   2          ShowNum(0);
  13   2        }
  14   1      }
  15          
  16          void UART_Rountine() interrupt 4
  17          {
  18   1        if(RI==1)
  19   1        {
  20   2         ShowNum(0);
  21   2         RI=0;
  22   2        }
  23   1      }


MODULE INFORMATION:   STATIC OVERLAYABLE
   CODE SIZE        =     76    ----
   CONSTANT SIZE    =   ----    ----
   XDATA SIZE       =   ----    ----
   PDATA SIZE       =   ----    ----
   DATA SIZE        =   ----    ----
   IDATA SIZE       =   ----    ----
   BIT SIZE         =   ----    ----
END OF MODULE INFORMATION.


C51 COMPILATION COMPLETE.  0 WARNING(S),  0 ERROR(S)
