C51 COMPILER V9.60.7.0   NIXIE                                                             02/27/2026 19:35:08 PAGE 1   


C51 COMPILER V9.60.7.0, COMPILATION OF MODULE NIXIE
OBJECT MODULE PLACED IN .\Objects\Nixie.obj
COMPILER INVOKED BY: D:\Keil_v5\C51\BIN\C51.EXE Nixie.c OPTIMIZE(8,SPEED) BROWSE DEBUG OBJECTEXTEND PRINT(.\Listings\Nix
                    -ie.lst) TABS(2) OBJECT(.\Objects\Nixie.obj)

line level    source

   1          #include <REGX52.H>
   2          
   3          unsigned char NixieTable[]={0x3F,0x06,0x5B,0x4F,0x66,0x6D,0x7D,0x07,0x7F,0x6F,0x77,0x7C,0x39,0x5E,0x79,0x7
             -1}; 
   4          /**
   5            * @brief  数码管显示函数
   6            * @param   要显示的数字(字符)
   7            * @retval  None
   8            */
   9          void ShowNum(unsigned char Num)
  10          { 
  11   1        switch(Num)
  12   1            {
  13   2              case '0' : P2=NixieTable[0]; break;
  14   2              case '1' : P2=NixieTable[1]; break;
  15   2              case '2' : P2=NixieTable[2]; break;
  16   2              case '3' : P2=NixieTable[3]; break;
  17   2              case '4' : P2=NixieTable[4]; break;
  18   2              case '5' : P2=NixieTable[5]; break;
  19   2              case '6' : P2=NixieTable[6]; break;
  20   2              case '7' : P2=NixieTable[7]; break;
  21   2              case '8' : P2=NixieTable[8]; break;
  22   2              case '9' : P2=NixieTable[9]; break;
  23   2            }
  24   1      }


MODULE INFORMATION:   STATIC OVERLAYABLE
   CODE SIZE        =     92    ----
   CONSTANT SIZE    =   ----    ----
   XDATA SIZE       =   ----    ----
   PDATA SIZE       =   ----    ----
   DATA SIZE        =     16    ----
   IDATA SIZE       =   ----    ----
   BIT SIZE         =   ----    ----
END OF MODULE INFORMATION.


C51 COMPILATION COMPLETE.  0 WARNING(S),  0 ERROR(S)
